<?xml version="1.0" encoding="UTF-8"?>
<testng-results ignored="0" total="1" passed="1" failed="0" skipped="0">
  <reporter-output>
  </reporter-output>
  <suite started-at="2024-01-18T17:47:51 IST" name="Default suite" finished-at="2024-01-18T17:48:27 IST" duration-ms="36414">
    <groups>
    </groups>
    <test started-at="2024-01-18T17:47:51 IST" name="Default test" finished-at="2024-01-18T17:48:27 IST" duration-ms="36414">
      <class name="AutomationScripts.bigBasketPrasadTest">
        <test-method signature="bigBasketTest()[pri:0, instance:AutomationScripts.bigBasketPrasadTest@1d296da]" started-at="2024-01-18T17:47:51 IST" name="bigBasketTest" finished-at="2024-01-18T17:48:27 IST" duration-ms="36338" status="PASS">
          <reporter-output>
          </reporter-output>
        </test-method> <!-- bigBasketTest -->
      </class> <!-- AutomationScripts.bigBasketPrasadTest -->
    </test> <!-- Default test -->
  </suite> <!-- Default suite -->
</testng-results>
